<?xml version="1.0" encoding="UTF-8"?>
<!-- Generated by org.testng.reporters.JUnitReportReporter -->
<testsuite hostname="Subhadip" failures="0" tests="1" name="Introduction.FirstGETRequest" time="2.287" errors="0" timestamp="2025-01-30T22:12:47 IST" skipped="0">
  <testcase classname="Introduction.FirstGETRequest" name="testCase_FirstGetRequest" time="2.287"/>
</testsuite> <!-- Introduction.FirstGETRequest -->
